SF:lib/main.dart
DA:4,1
DA:5,1
DA:9,1
DA:11,1
DA:13,1
DA:15,1
DA:17,1
DA:20,1
DA:21,0
LF:9
LH:8
end_of_record
SF:lib/views/login_view.dart
DA:5,1
DA:8,1
DA:10,0
DA:11,0
DA:17,0
DA:18,0
DA:19,0
DA:20,0
DA:24,0
DA:26,0
DA:27,0
DA:28,0
DA:29,0
DA:30,0
DA:32,0
DA:33,0
DA:34,0
DA:35,0
DA:36,0
DA:37,0
DA:39,0
DA:40,0
DA:41,0
DA:45,0
DA:47,0
DA:51,0
DA:53,0
DA:54,0
DA:55,0
DA:59,0
DA:60,0
DA:62,0
DA:63,0
DA:64,0
DA:68,0
DA:70,0
LF:36
LH:2
end_of_record
SF:lib/components/login_form.dart
DA:6,1
DA:8,0
DA:9,0
DA:16,0
DA:18,0
DA:19,0
DA:20,0
DA:21,0
DA:22,0
DA:24,0
DA:25,0
DA:26,0
DA:34,0
DA:36,0
DA:37,0
DA:42,0
DA:44,0
DA:47,0
DA:50,0
DA:51,0
DA:52,0
DA:53,0
DA:54,0
DA:59,0
LF:24
LH:1
end_of_record
SF:lib/utils/validate_email.dart
DA:1,0
DA:8,0
DA:9,0
LF:3
LH:0
end_of_record
SF:lib/components/register_form.dart
DA:6,0
DA:8,0
DA:9,0
DA:15,0
DA:16,0
DA:17,0
DA:18,0
DA:23,0
DA:25,0
DA:26,0
DA:27,0
DA:28,0
DA:29,0
DA:32,0
DA:33,0
DA:37,0
DA:40,0
DA:41,0
DA:45,0
DA:48,0
DA:50,0
DA:53,0
DA:54,0
DA:58,0
DA:62,0
DA:63,0
DA:64,0
DA:69,0
DA:72,0
DA:74,0
LF:30
LH:0
end_of_record
